Using pre-set license
Built from '2020.3/staging' branch; Version is '2020.3.25f1 (9b9180224418) revision 10195328'; Using compiler version '192528614'; Build Type 'Release'
OS: 'Windows 10  (10.0.19044) 64bit Professional' Language: 'es' Physical Memory: 16254 MB
BatchMode: 1, IsHumanControllingUs: 0, StartBugReporterOnCrash: 0, Is64bit: 1, IsPro: 0

COMMAND LINE ARGUMENTS:
C:\Program Files\Unity\Hub\Editor\2020.3.25f1\Editor\Unity.exe
-adb2
-batchMode
-noUpm
-name
AssetImportWorker0
-projectPath
C:/Users/Usuario/Documents/Unity/TP3_PIAPC_LR
-logFile
Logs/AssetImportWorker0.log
-srvPort
57902
Successfully changed project path to: C:/Users/Usuario/Documents/Unity/TP3_PIAPC_LR
C:/Users/Usuario/Documents/Unity/TP3_PIAPC_LR
Using Asset Import Pipeline V2.
Refreshing native plugins compatible for Editor in 33.55 ms, found 2 plugins.
Preloading 0 native plugins for Editor in 0.00 ms.
Initialize engine version: 2020.3.25f1 (9b9180224418)
[Subsystems] Discovering subsystems at path C:/Program Files/Unity/Hub/Editor/2020.3.25f1/Editor/Data/Resources/UnitySubsystems
[Subsystems] Discovering subsystems at path C:/Users/Usuario/Documents/Unity/TP3_PIAPC_LR/Assets
GfxDevice: creating device client; threaded=0
Direct3D:
    Version:  Direct3D 11.0 [level 11.1]
    Renderer: Intel(R) UHD Graphics 630 (ID=0x3e98)
    Vendor:   
    VRAM:     8127 MB
    Driver:   30.0.101.1340
Initialize mono
Mono path[0] = 'C:/Program Files/Unity/Hub/Editor/2020.3.25f1/Editor/Data/Managed'
Mono path[1] = 'C:/Program Files/Unity/Hub/Editor/2020.3.25f1/Editor/Data/MonoBleedingEdge/lib/mono/unityjit'
Mono config path = 'C:/Program Files/Unity/Hub/Editor/2020.3.25f1/Editor/Data/MonoBleedingEdge/etc'
Using monoOptions --debugger-agent=transport=dt_socket,embedding=1,server=y,suspend=n,address=127.0.0.1:56620
Begin MonoManager ReloadAssembly
Registering precompiled unity dll's ...
Register platform support module: C:/Program Files/Unity/Hub/Editor/2020.3.25f1/Editor/Data/PlaybackEngines/WebGLSupport/UnityEditor.WebGL.Extensions.dll
Register platform support module: C:/Program Files/Unity/Hub/Editor/2020.3.25f1/Editor/Data/PlaybackEngines/WindowsStandaloneSupport/UnityEditor.WindowsStandalone.Extensions.dll
Registered in 0.002311 seconds.
Native extension for WindowsStandalone target not found
Native extension for WebGL target not found
Refreshing native plugins compatible for Editor in 31.11 ms, found 2 plugins.
Preloading 0 native plugins for Editor in 0.00 ms.
Mono: successfully reloaded assembly
- Completed reload, in  0.533 seconds
Domain Reload Profiling:
	ReloadAssembly (534ms)
		BeginReloadAssembly (51ms)
			ExecutionOrderSort (0ms)
			DisableScriptedObjects (0ms)
			BackupInstance (0ms)
			ReleaseScriptingObjects (0ms)
			CreateAndSetChildDomain (1ms)
		EndReloadAssembly (413ms)
			LoadAssemblies (49ms)
			RebuildTransferFunctionScriptingTraits (0ms)
			SetupTypeCache (141ms)
			ReleaseScriptCaches (0ms)
			RebuildScriptCaches (28ms)
			SetupLoadedEditorAssemblies (149ms)
				LogAssemblyErrors (0ms)
				InitializePlatformSupportModulesInManaged (5ms)
				SetLoadedEditorAssemblies (0ms)
				RefreshPlugins (31ms)
				BeforeProcessingInitializeOnLoad (9ms)
				ProcessInitializeOnLoadAttributes (77ms)
				ProcessInitializeOnLoadMethodAttributes (26ms)
				AfterProcessingInitializeOnLoad (0ms)
				EditorAssembliesLoaded (0ms)
			ExecutionOrderSort2 (0ms)
			AwakeInstancesAfterBackupRestoration (0ms)
Platform modules already initialized, skipping
Registering precompiled user dll's ...
Registered in 0.004068 seconds.
Begin MonoManager ReloadAssembly
Native extension for WindowsStandalone target not found
Native extension for WebGL target not found
Refreshing native plugins compatible for Editor in 0.34 ms, found 2 plugins.
Preloading 0 native plugins for Editor in 0.00 ms.
Mono: successfully reloaded assembly
- Completed reload, in  1.003 seconds
Domain Reload Profiling:
	ReloadAssembly (1004ms)
		BeginReloadAssembly (133ms)
			ExecutionOrderSort (0ms)
			DisableScriptedObjects (5ms)
			BackupInstance (0ms)
			ReleaseScriptingObjects (0ms)
			CreateAndSetChildDomain (17ms)
		EndReloadAssembly (813ms)
			LoadAssemblies (81ms)
			RebuildTransferFunctionScriptingTraits (0ms)
			SetupTypeCache (272ms)
			ReleaseScriptCaches (0ms)
			RebuildScriptCaches (37ms)
			SetupLoadedEditorAssemblies (337ms)
				LogAssemblyErrors (0ms)
				InitializePlatformSupportModulesInManaged (5ms)
				SetLoadedEditorAssemblies (0ms)
				RefreshPlugins (0ms)
				BeforeProcessingInitializeOnLoad (78ms)
				ProcessInitializeOnLoadAttributes (237ms)
				ProcessInitializeOnLoadMethodAttributes (8ms)
				AfterProcessingInitializeOnLoad (7ms)
				EditorAssembliesLoaded (0ms)
			ExecutionOrderSort2 (0ms)
			AwakeInstancesAfterBackupRestoration (6ms)
Platform modules already initialized, skipping
========================================================================
Worker process is ready to serve import requests
Launched and connected shader compiler UnityShaderCompiler.exe after 0.04 seconds
Refreshing native plugins compatible for Editor in 0.32 ms, found 2 plugins.
Preloading 0 native plugins for Editor in 0.00 ms.
Unloading 1549 Unused Serialized files (Serialized files now loaded: 0)
System memory in use before: 71.2 MB.
System memory in use after: 71.3 MB.

Unloading 19 unused Assets to reduce memory usage. Loaded Objects now: 1981.
Total: 2.298500 ms (FindLiveObjects: 0.115700 ms CreateObjectMapping: 0.042600 ms MarkObjects: 2.092000 ms  DeleteObjects: 0.047600 ms)

AssetImportParameters requested are different than current active one (requested -> active):
  custom:framework-win-MediaFoundation: 216162199b28c13a410421893ffa2e32 -> 
  custom:video-decoder-ogg-theora: a1e56fd34408186e4bbccfd4996cb3dc -> 
  custom:container-muxer-webm: aa71ff27fc2769a1b78a27578f13a17b -> 
  custom:container-demuxer-webm: 4f35f7cbe854078d1ac9338744f61a02 -> 
  custom:container-demuxer-ogg: 62fdf1f143b41e24485cea50d1cbac27 -> 
  custom:video-encoder-webm-vp8: eb34c28f22e8b96e1ab97ce403110664 -> 
  custom:video-decoder-webm-vp8: 9c59270c3fd7afecdb556c50c9e8de78 -> 
  custom:audio-decoder-ogg-vorbis: bf7c407c2cedff20999df2af8eb42d56 -> 
  custom:audio-encoder-webm-vorbis: bf7c407c2cedff20999df2af8eb42d56 -> 
========================================================================
Received Import Request.
  path: Assets/_CompletedAssets/Scenes
  artifactKey: Guid(5e9c7fc7353f45146a1dcdb3a3292294) Importer(815301076,1909f56bfc062723c751e8b465ee728b)
Start importing Assets/_CompletedAssets/Scenes using Guid(5e9c7fc7353f45146a1dcdb3a3292294) Importer(815301076,1909f56bfc062723c751e8b465ee728b)  -> (artifact id: '4f4f904fecd8ee7cb0ee84a245d391b9') in 0.003744 seconds 
  Import took 0.005790 seconds .

========================================================================
Received Import Request.
  Time since last request: 0.000214 seconds.
  path: Assets/_CompletedAssets
  artifactKey: Guid(b5b6519be420e4849b6fdaffd3845119) Importer(815301076,1909f56bfc062723c751e8b465ee728b)
Start importing Assets/_CompletedAssets using Guid(b5b6519be420e4849b6fdaffd3845119) Importer(815301076,1909f56bfc062723c751e8b465ee728b)  -> (artifact id: '5b0aeed64d1e61ac0eb3c8a164153df3') in 0.008829 seconds 
  Import took 0.012436 seconds .

========================================================================
Received Import Request.
  Time since last request: 0.083949 seconds.
  path: Assets/_CompletedAssets/Scenes/Level 01 5.x.unity
  artifactKey: Guid(4d9d4f0b1ee390844b6bdfa30d042b47) Importer(815301076,1909f56bfc062723c751e8b465ee728b)
Start importing Assets/_CompletedAssets/Scenes/Level 01 5.x.unity using Guid(4d9d4f0b1ee390844b6bdfa30d042b47) Importer(815301076,1909f56bfc062723c751e8b465ee728b)  -> (artifact id: '2d24a2c23da94c73ffa859527ee031e4') in 0.012930 seconds 
  Import took 0.020038 seconds .

========================================================================
Received Import Request.
  Time since last request: 7.215368 seconds.
  path: Assets/_CompletedAssets/Prefabs/Hellephant.prefab
  artifactKey: Guid(548c56f4bcf4db24b8aa057e9846a005) Importer(815301076,1909f56bfc062723c751e8b465ee728b)
Start importing Assets/_CompletedAssets/Prefabs/Hellephant.prefab using Guid(548c56f4bcf4db24b8aa057e9846a005) Importer(815301076,1909f56bfc062723c751e8b465ee728b) Diagnostics callstack to track who triggered the sub-import:
0x00007ff7b02580c2 (Unity) ImporterAssetResolver::ResolveAsset
0x00007ff7b0229e82 (Unity) ResolveArtifactV2
0x00007ff7b0243010 (Unity) ImportToObjects
0x00007ff7b0242458 (Unity) ImportAsset
0x00007ff7b01dc998 (Unity) AssetImportWorker::Import
0x00007ff7b020203a (Unity) <lambda_4a0f5575432e8e69ec585d1ca7897980>::operator()
0x00007ff7b02895a2 (Unity) asio::detail::completion_handler<core::mutable_function<void __cdecl(void)> >::do_complete
0x00007ff7b028b700 (Unity) asio::detail::win_iocp_io_service::do_one
0x00007ff7b028ee7e (Unity) asio::io_service::run
0x00007ff7b022ab9b (Unity) RunAssetImportWorkerClientV2
0x00007ff7b022abf0 (Unity) RunAssetImporterV2
0x00007ff7afcd23dd (Unity) Application::InitializeProject
0x00007ff7b0127252 (Unity) WinMain
0x00007ff7b17b5752 (Unity) __scrt_common_main_seh
0x00007ffe094a7034 (KERNEL32) BaseThreadInitThunk
0x00007ffe095e26a1 (ntdll) RtlUserThreadStart

Requesting import of Guid(548c56f4bcf4db24b8aa057e9846a005) Importer(-1,00000000000000000000000000000000), Assets/_CompletedAssets/Prefabs/Hellephant.prefab from editor
Resuming Guid(548c56f4bcf4db24b8aa057e9846a005) Importer(-1,00000000000000000000000000000000) -> 63bb13c657dc9480a43c78f6867d4e0d 
Assertion failed on expression: 'state.state == kUpToDate'
Assertion failed on expression: 'state.artifactID == result'
Diagnostics callstack to track who triggered the sub-import:
0x00007ff7b02580c2 (Unity) ImporterAssetResolver::ResolveAsset
0x00007ff7b0229e82 (Unity) ResolveArtifactV2
0x00007ff7b0221fe1 (Unity) ProduceArtifactV2
0x00007ff7b01b883e (Unity) AssetDatabase::ProduceArtifact
0x00007ff7b01a2798 (Unity) PreviewImporter::GenerateAssetData
0x00007ff7b02433e2 (Unity) ImportToObjects
0x00007ff7b0242458 (Unity) ImportAsset
0x00007ff7b01dc998 (Unity) AssetImportWorker::Import
0x00007ff7b020203a (Unity) <lambda_4a0f5575432e8e69ec585d1ca7897980>::operator()
0x00007ff7b02895a2 (Unity) asio::detail::completion_handler<core::mutable_function<void __cdecl(void)> >::do_complete
0x00007ff7b028b700 (Unity) asio::detail::win_iocp_io_service::do_one
0x00007ff7b028ee7e (Unity) asio::io_service::run
0x00007ff7b022ab9b (Unity) RunAssetImportWorkerClientV2
0x00007ff7b022abf0 (Unity) RunAssetImporterV2
0x00007ff7afcd23dd (Unity) Application::InitializeProject
0x00007ff7b0127252 (Unity) WinMain
0x00007ff7b17b5752 (Unity) __scrt_common_main_seh
0x00007ffe094a7034 (KERNEL32) BaseThreadInitThunk
0x00007ffe095e26a1 (ntdll) RtlUserThreadStart

Requesting import of Guid(548c56f4bcf4db24b8aa057e9846a005) Importer(-1,00000000000000000000000000000000), Assets/_CompletedAssets/Prefabs/Hellephant.prefab from editor
Resuming Guid(548c56f4bcf4db24b8aa057e9846a005) Importer(-1,00000000000000000000000000000000) -> 63bb13c657dc9480a43c78f6867d4e0d 
Assertion failed on expression: 'state.state == kUpToDate'
Assertion failed on expression: 'state.artifactID == result'
 -> (artifact id: '00e65648601dce44c6796fd7a7c96650') in 0.709654 seconds 
  Import took 0.712226 seconds .

========================================================================
Received Import Request.
  Time since last request: 0.000256 seconds.
  path: Assets/_CompletedAssets/Prefabs/ZomBunny.prefab
  artifactKey: Guid(e5171f72421770240bd7c3989fe351e3) Importer(815301076,1909f56bfc062723c751e8b465ee728b)
Start importing Assets/_CompletedAssets/Prefabs/ZomBunny.prefab using Guid(e5171f72421770240bd7c3989fe351e3) Importer(815301076,1909f56bfc062723c751e8b465ee728b) Diagnostics callstack to track who triggered the sub-import:
0x00007ff7b02580c2 (Unity) ImporterAssetResolver::ResolveAsset
0x00007ff7b0229e82 (Unity) ResolveArtifactV2
0x00007ff7b0243010 (Unity) ImportToObjects
0x00007ff7b0242458 (Unity) ImportAsset
0x00007ff7b01dc998 (Unity) AssetImportWorker::Import
0x00007ff7b020203a (Unity) <lambda_4a0f5575432e8e69ec585d1ca7897980>::operator()
0x00007ff7b02895a2 (Unity) asio::detail::completion_handler<core::mutable_function<void __cdecl(void)> >::do_complete
0x00007ff7b028b700 (Unity) asio::detail::win_iocp_io_service::do_one
0x00007ff7b028ee7e (Unity) asio::io_service::run
0x00007ff7b022ab9b (Unity) RunAssetImportWorkerClientV2
0x00007ff7b022abf0 (Unity) RunAssetImporterV2
0x00007ff7afcd23dd (Unity) Application::InitializeProject
0x00007ff7b0127252 (Unity) WinMain
0x00007ff7b17b5752 (Unity) __scrt_common_main_seh
0x00007ffe094a7034 (KERNEL32) BaseThreadInitThunk
0x00007ffe095e26a1 (ntdll) RtlUserThreadStart

Requesting import of Guid(e5171f72421770240bd7c3989fe351e3) Importer(-1,00000000000000000000000000000000), Assets/_CompletedAssets/Prefabs/ZomBunny.prefab from editor
Resuming Guid(e5171f72421770240bd7c3989fe351e3) Importer(-1,00000000000000000000000000000000) -> e80aedaf1f198c3eecb5ac78e7db0fbb 
Assertion failed on expression: 'state.state == kUpToDate'
Assertion failed on expression: 'state.artifactID == result'
Diagnostics callstack to track who triggered the sub-import:
0x00007ff7b02580c2 (Unity) ImporterAssetResolver::ResolveAsset
0x00007ff7b0229e82 (Unity) ResolveArtifactV2
0x00007ff7b0221fe1 (Unity) ProduceArtifactV2
0x00007ff7b01b883e (Unity) AssetDatabase::ProduceArtifact
0x00007ff7b01a2798 (Unity) PreviewImporter::GenerateAssetData
0x00007ff7b02433e2 (Unity) ImportToObjects
0x00007ff7b0242458 (Unity) ImportAsset
0x00007ff7b01dc998 (Unity) AssetImportWorker::Import
0x00007ff7b020203a (Unity) <lambda_4a0f5575432e8e69ec585d1ca7897980>::operator()
0x00007ff7b02895a2 (Unity) asio::detail::completion_handler<core::mutable_function<void __cdecl(void)> >::do_complete
0x00007ff7b028b700 (Unity) asio::detail::win_iocp_io_service::do_one
0x00007ff7b028ee7e (Unity) asio::io_service::run
0x00007ff7b022ab9b (Unity) RunAssetImportWorkerClientV2
0x00007ff7b022abf0 (Unity) RunAssetImporterV2
0x00007ff7afcd23dd (Unity) Application::InitializeProject
0x00007ff7b0127252 (Unity) WinMain
0x00007ff7b17b5752 (Unity) __scrt_common_main_seh
0x00007ffe094a7034 (KERNEL32) BaseThreadInitThunk
0x00007ffe095e26a1 (ntdll) RtlUserThreadStart

Requesting import of Guid(e5171f72421770240bd7c3989fe351e3) Importer(-1,00000000000000000000000000000000), Assets/_CompletedAssets/Prefabs/ZomBunny.prefab from editor
Resuming Guid(e5171f72421770240bd7c3989fe351e3) Importer(-1,00000000000000000000000000000000) -> e80aedaf1f198c3eecb5ac78e7db0fbb 
Assertion failed on expression: 'state.state == kUpToDate'
Assertion failed on expression: 'state.artifactID == result'
 -> (artifact id: 'e36d3593e7bb97b9ef0d34f7bf4c7a59') in 0.005646 seconds 
  Import took 0.007929 seconds .

========================================================================
Received Import Request.
  Time since last request: 0.000264 seconds.
  path: Assets/_CompletedAssets/Prefabs/Player.prefab
  artifactKey: Guid(4e5a0d387dc27394b81600988ad0216f) Importer(815301076,1909f56bfc062723c751e8b465ee728b)
Start importing Assets/_CompletedAssets/Prefabs/Player.prefab using Guid(4e5a0d387dc27394b81600988ad0216f) Importer(815301076,1909f56bfc062723c751e8b465ee728b) Diagnostics callstack to track who triggered the sub-import:
0x00007ff7b02580c2 (Unity) ImporterAssetResolver::ResolveAsset
0x00007ff7b0229e82 (Unity) ResolveArtifactV2
0x00007ff7b0243010 (Unity) ImportToObjects
0x00007ff7b0242458 (Unity) ImportAsset
0x00007ff7b01dc998 (Unity) AssetImportWorker::Import
0x00007ff7b020203a (Unity) <lambda_4a0f5575432e8e69ec585d1ca7897980>::operator()
0x00007ff7b02895a2 (Unity) asio::detail::completion_handler<core::mutable_function<void __cdecl(void)> >::do_complete
0x00007ff7b028b700 (Unity) asio::detail::win_iocp_io_service::do_one
0x00007ff7b028ee7e (Unity) asio::io_service::run
0x00007ff7b022ab9b (Unity) RunAssetImportWorkerClientV2
0x00007ff7b022abf0 (Unity) RunAssetImporterV2
0x00007ff7afcd23dd (Unity) Application::InitializeProject
0x00007ff7b0127252 (Unity) WinMain
0x00007ff7b17b5752 (Unity) __scrt_common_main_seh
0x00007ffe094a7034 (KERNEL32) BaseThreadInitThunk
0x00007ffe095e26a1 (ntdll) RtlUserThreadStart

Requesting import of Guid(4e5a0d387dc27394b81600988ad0216f) Importer(-1,00000000000000000000000000000000), Assets/_CompletedAssets/Prefabs/Player.prefab from editor
Resuming Guid(4e5a0d387dc27394b81600988ad0216f) Importer(-1,00000000000000000000000000000000) -> b9bb32df1cbcec82c5ab33aac0dcbc19 
Assertion failed on expression: 'state.state == kUpToDate'
Assertion failed on expression: 'state.artifactID == result'
Diagnostics callstack to track who triggered the sub-import:
0x00007ff7b02580c2 (Unity) ImporterAssetResolver::ResolveAsset
0x00007ff7b0229e82 (Unity) ResolveArtifactV2
0x00007ff7b0221fe1 (Unity) ProduceArtifactV2
0x00007ff7b01b883e (Unity) AssetDatabase::ProduceArtifact
0x00007ff7b01a2798 (Unity) PreviewImporter::GenerateAssetData
0x00007ff7b02433e2 (Unity) ImportToObjects
0x00007ff7b0242458 (Unity) ImportAsset
0x00007ff7b01dc998 (Unity) AssetImportWorker::Import
0x00007ff7b020203a (Unity) <lambda_4a0f5575432e8e69ec585d1ca7897980>::operator()
0x00007ff7b02895a2 (Unity) asio::detail::completion_handler<core::mutable_function<void __cdecl(void)> >::do_complete
0x00007ff7b028b700 (Unity) asio::detail::win_iocp_io_service::do_one
0x00007ff7b028ee7e (Unity) asio::io_service::run
0x00007ff7b022ab9b (Unity) RunAssetImportWorkerClientV2
0x00007ff7b022abf0 (Unity) RunAssetImporterV2
0x00007ff7afcd23dd (Unity) Application::InitializeProject
0x00007ff7b0127252 (Unity) WinMain
0x00007ff7b17b5752 (Unity) __scrt_common_main_seh
0x00007ffe094a7034 (KERNEL32) BaseThreadInitThunk
0x00007ffe095e26a1 (ntdll) RtlUserThreadStart

Requesting import of Guid(4e5a0d387dc27394b81600988ad0216f) Importer(-1,00000000000000000000000000000000), Assets/_CompletedAssets/Prefabs/Player.prefab from editor
Resuming Guid(4e5a0d387dc27394b81600988ad0216f) Importer(-1,00000000000000000000000000000000) -> b9bb32df1cbcec82c5ab33aac0dcbc19 
Assertion failed on expression: 'state.state == kUpToDate'
Assertion failed on expression: 'state.artifactID == result'
 -> (artifact id: '3f9a0b0909aa26024d845c51a139d18a') in 0.005741 seconds 
  Import took 0.008726 seconds .

========================================================================
Received Import Request.
  Time since last request: 0.000293 seconds.
  path: Assets/_CompletedAssets/Prefabs/ZomBear.prefab
  artifactKey: Guid(ea3c2728ef33e3a4d99527a86cda6465) Importer(815301076,1909f56bfc062723c751e8b465ee728b)
Start importing Assets/_CompletedAssets/Prefabs/ZomBear.prefab using Guid(ea3c2728ef33e3a4d99527a86cda6465) Importer(815301076,1909f56bfc062723c751e8b465ee728b) Diagnostics callstack to track who triggered the sub-import:
0x00007ff7b02580c2 (Unity) ImporterAssetResolver::ResolveAsset
0x00007ff7b0229e82 (Unity) ResolveArtifactV2
0x00007ff7b0243010 (Unity) ImportToObjects
0x00007ff7b0242458 (Unity) ImportAsset
0x00007ff7b01dc998 (Unity) AssetImportWorker::Import
0x00007ff7b020203a (Unity) <lambda_4a0f5575432e8e69ec585d1ca7897980>::operator()
0x00007ff7b02895a2 (Unity) asio::detail::completion_handler<core::mutable_function<void __cdecl(void)> >::do_complete
0x00007ff7b028b700 (Unity) asio::detail::win_iocp_io_service::do_one
0x00007ff7b028ee7e (Unity) asio::io_service::run
0x00007ff7b022ab9b (Unity) RunAssetImportWorkerClientV2
0x00007ff7b022abf0 (Unity) RunAssetImporterV2
0x00007ff7afcd23dd (Unity) Application::InitializeProject
0x00007ff7b0127252 (Unity) WinMain
0x00007ff7b17b5752 (Unity) __scrt_common_main_seh
0x00007ffe094a7034 (KERNEL32) BaseThreadInitThunk
0x00007ffe095e26a1 (ntdll) RtlUserThreadStart

Requesting import of Guid(ea3c2728ef33e3a4d99527a86cda6465) Importer(-1,00000000000000000000000000000000), Assets/_CompletedAssets/Prefabs/ZomBear.prefab from editor
Resuming Guid(ea3c2728ef33e3a4d99527a86cda6465) Importer(-1,00000000000000000000000000000000) -> 1c29d1f52e278cdda7436a82435b1b1d 
Assertion failed on expression: 'state.state == kUpToDate'
Assertion failed on expression: 'state.artifactID == result'
Diagnostics callstack to track who triggered the sub-import:
0x00007ff7b02580c2 (Unity) ImporterAssetResolver::ResolveAsset
0x00007ff7b0229e82 (Unity) ResolveArtifactV2
0x00007ff7b0221fe1 (Unity) ProduceArtifactV2
0x00007ff7b01b883e (Unity) AssetDatabase::ProduceArtifact
0x00007ff7b01a2798 (Unity) PreviewImporter::GenerateAssetData
0x00007ff7b02433e2 (Unity) ImportToObjects
0x00007ff7b0242458 (Unity) ImportAsset
0x00007ff7b01dc998 (Unity) AssetImportWorker::Import
0x00007ff7b020203a (Unity) <lambda_4a0f5575432e8e69ec585d1ca7897980>::operator()
0x00007ff7b02895a2 (Unity) asio::detail::completion_handler<core::mutable_function<void __cdecl(void)> >::do_complete
0x00007ff7b028b700 (Unity) asio::detail::win_iocp_io_service::do_one
0x00007ff7b028ee7e (Unity) asio::io_service::run
0x00007ff7b022ab9b (Unity) RunAssetImportWorkerClientV2
0x00007ff7b022abf0 (Unity) RunAssetImporterV2
0x00007ff7afcd23dd (Unity) Application::InitializeProject
0x00007ff7b0127252 (Unity) WinMain
0x00007ff7b17b5752 (Unity) __scrt_common_main_seh
0x00007ffe094a7034 (KERNEL32) BaseThreadInitThunk
0x00007ffe095e26a1 (ntdll) RtlUserThreadStart

Requesting import of Guid(ea3c2728ef33e3a4d99527a86cda6465) Importer(-1,00000000000000000000000000000000), Assets/_CompletedAssets/Prefabs/ZomBear.prefab from editor
Resuming Guid(ea3c2728ef33e3a4d99527a86cda6465) Importer(-1,00000000000000000000000000000000) -> 1c29d1f52e278cdda7436a82435b1b1d 
Assertion failed on expression: 'state.state == kUpToDate'
Assertion failed on expression: 'state.artifactID == result'
 -> (artifact id: '69876ba6a83abc43ec58bc80580a6c18') in 0.007723 seconds 
  Import took 0.011151 seconds .

AssetImportWorkerClient::OnTransportError - code=2 error=End of file
